<?xml version="1.0" encoding="UTF-8"?>
<!-- Generated by org.testng.reporters.JUnitXMLReporter -->
<testsuite ignored="0" hostname="LTIN426014" failures="0" tests="3" name="Default test" time="31.672" errors="0" timestamp="2023-01-19T14:15:51 IST">
  <testcase classname="TestCases.testCases" name="homepage" time="4.439"/>
  <testcase classname="TestCases.testCases" name="firstLetterApps" time="0.296"/>
  <testcase classname="TestCases.testCases" name="lastLetterApps" time="2.351"/>
</testsuite> <!-- Default test -->
